Analysis & Synthesis report for ElevatorOperation
Sat Oct 24 20:42:36 2020
Quartus Prime Version 16.0.0 Build 211 04/27/2016 SJ Lite Edition


---------------------
; Table of Contents ;
---------------------
  1. Legal Notice
  2. Analysis & Synthesis Summary
  3. Analysis & Synthesis Settings
  4. Parallel Compilation
  5. Analysis & Synthesis Source Files Read
  6. Analysis & Synthesis Resource Usage Summary
  7. Analysis & Synthesis Resource Utilization by Entity
  8. State Machine - |top_stimulus|LiftFSM:uut_LiftFSM|ps
  9. User-Specified and Inferred Latches
 10. Registers Removed During Synthesis
 11. General Register Statistics
 12. Multiplexer Restructuring Statistics (Restructuring Performed)
 13. Post-Synthesis Netlist Statistics for Top Partition
 14. Elapsed Time Per Partition
 15. Analysis & Synthesis Messages
 16. Analysis & Synthesis Suppressed Messages



----------------
; Legal Notice ;
----------------
Copyright (C) 1991-2016 Altera Corporation. All rights reserved.
Your use of Altera Corporation's design tools, logic functions 
and other software and tools, and its AMPP partner logic 
functions, and any output files from any of the foregoing 
(including device programming or simulation files), and any 
associated documentation or information are expressly subject 
to the terms and conditions of the Altera Program License 
Subscription Agreement, the Altera Quartus Prime License Agreement,
the Altera MegaCore Function License Agreement, or other 
applicable license agreement, including, without limitation, 
that your use is for the sole purpose of programming logic 
devices manufactured by Altera and sold by Altera or its 
authorized distributors.  Please refer to the applicable 
agreement for further details.



+-------------------------------------------------------------------------------+
; Analysis & Synthesis Summary                                                  ;
+---------------------------------+---------------------------------------------+
; Analysis & Synthesis Status     ; Successful - Sat Oct 24 20:42:36 2020       ;
; Quartus Prime Version           ; 16.0.0 Build 211 04/27/2016 SJ Lite Edition ;
; Revision Name                   ; ElevatorOperation                           ;
; Top-level Entity Name           ; top_stimulus                                ;
; Family                          ; Cyclone V                                   ;
; Logic utilization (in ALMs)     ; N/A                                         ;
; Total registers                 ; 22                                          ;
; Total pins                      ; 9                                           ;
; Total virtual pins              ; 0                                           ;
; Total block memory bits         ; 0                                           ;
; Total DSP Blocks                ; 0                                           ;
; Total HSSI RX PCSs              ; 0                                           ;
; Total HSSI PMA RX Deserializers ; 0                                           ;
; Total HSSI TX PCSs              ; 0                                           ;
; Total HSSI PMA TX Serializers   ; 0                                           ;
; Total PLLs                      ; 0                                           ;
; Total DLLs                      ; 0                                           ;
+---------------------------------+---------------------------------------------+


+---------------------------------------------------------------------------------------------------------------------------+
; Analysis & Synthesis Settings                                                                                             ;
+---------------------------------------------------------------------------------+--------------------+--------------------+
; Option                                                                          ; Setting            ; Default Value      ;
+---------------------------------------------------------------------------------+--------------------+--------------------+
; Device                                                                          ; 5CSEMA5F31C6       ;                    ;
; Top-level entity name                                                           ; top_stimulus       ; ElevatorOperation  ;
; Family name                                                                     ; Cyclone V          ; Cyclone V          ;
; Use smart compilation                                                           ; Off                ; Off                ;
; Enable parallel Assembler and TimeQuest Timing Analyzer during compilation      ; On                 ; On                 ;
; Enable compact report table                                                     ; Off                ; Off                ;
; Restructure Multiplexers                                                        ; Auto               ; Auto               ;
; MLAB Add Timing Constraints For Mixed-Port Feed-Through Mode Setting Don't Care ; Off                ; Off                ;
; Create Debugging Nodes for IP Cores                                             ; Off                ; Off                ;
; Preserve fewer node names                                                       ; On                 ; On                 ;
; Disable OpenCore Plus hardware evaluation                                       ; Off                ; Off                ;
; Verilog Version                                                                 ; Verilog_2001       ; Verilog_2001       ;
; VHDL Version                                                                    ; VHDL_1993          ; VHDL_1993          ;
; State Machine Processing                                                        ; Auto               ; Auto               ;
; Safe State Machine                                                              ; Off                ; Off                ;
; Extract Verilog State Machines                                                  ; On                 ; On                 ;
; Extract VHDL State Machines                                                     ; On                 ; On                 ;
; Ignore Verilog initial constructs                                               ; Off                ; Off                ;
; Iteration limit for constant Verilog loops                                      ; 5000               ; 5000               ;
; Iteration limit for non-constant Verilog loops                                  ; 250                ; 250                ;
; Add Pass-Through Logic to Inferred RAMs                                         ; On                 ; On                 ;
; Infer RAMs from Raw Logic                                                       ; On                 ; On                 ;
; Parallel Synthesis                                                              ; On                 ; On                 ;
; DSP Block Balancing                                                             ; Auto               ; Auto               ;
; NOT Gate Push-Back                                                              ; On                 ; On                 ;
; Power-Up Don't Care                                                             ; On                 ; On                 ;
; Remove Redundant Logic Cells                                                    ; Off                ; Off                ;
; Remove Duplicate Registers                                                      ; On                 ; On                 ;
; Ignore CARRY Buffers                                                            ; Off                ; Off                ;
; Ignore CASCADE Buffers                                                          ; Off                ; Off                ;
; Ignore GLOBAL Buffers                                                           ; Off                ; Off                ;
; Ignore ROW GLOBAL Buffers                                                       ; Off                ; Off                ;
; Ignore LCELL Buffers                                                            ; Off                ; Off                ;
; Ignore SOFT Buffers                                                             ; On                 ; On                 ;
; Limit AHDL Integers to 32 Bits                                                  ; Off                ; Off                ;
; Optimization Technique                                                          ; Balanced           ; Balanced           ;
; Carry Chain Length                                                              ; 70                 ; 70                 ;
; Auto Carry Chains                                                               ; On                 ; On                 ;
; Auto Open-Drain Pins                                                            ; On                 ; On                 ;
; Perform WYSIWYG Primitive Resynthesis                                           ; Off                ; Off                ;
; Auto ROM Replacement                                                            ; On                 ; On                 ;
; Auto RAM Replacement                                                            ; On                 ; On                 ;
; Auto DSP Block Replacement                                                      ; On                 ; On                 ;
; Auto Shift Register Replacement                                                 ; Auto               ; Auto               ;
; Allow Shift Register Merging across Hierarchies                                 ; Auto               ; Auto               ;
; Auto Clock Enable Replacement                                                   ; On                 ; On                 ;
; Strict RAM Replacement                                                          ; Off                ; Off                ;
; Allow Synchronous Control Signals                                               ; On                 ; On                 ;
; Force Use of Synchronous Clear Signals                                          ; Off                ; Off                ;
; Auto Resource Sharing                                                           ; Off                ; Off                ;
; Allow Any RAM Size For Recognition                                              ; Off                ; Off                ;
; Allow Any ROM Size For Recognition                                              ; Off                ; Off                ;
; Allow Any Shift Register Size For Recognition                                   ; Off                ; Off                ;
; Use LogicLock Constraints during Resource Balancing                             ; On                 ; On                 ;
; Ignore translate_off and synthesis_off directives                               ; Off                ; Off                ;
; Timing-Driven Synthesis                                                         ; On                 ; On                 ;
; Report Parameter Settings                                                       ; On                 ; On                 ;
; Report Source Assignments                                                       ; On                 ; On                 ;
; Report Connectivity Checks                                                      ; On                 ; On                 ;
; Ignore Maximum Fan-Out Assignments                                              ; Off                ; Off                ;
; Synchronization Register Chain Length                                           ; 3                  ; 3                  ;
; PowerPlay Power Optimization During Synthesis                                   ; Normal compilation ; Normal compilation ;
; HDL message level                                                               ; Level2             ; Level2             ;
; Suppress Register Optimization Related Messages                                 ; Off                ; Off                ;
; Number of Removed Registers Reported in Synthesis Report                        ; 5000               ; 5000               ;
; Number of Swept Nodes Reported in Synthesis Report                              ; 5000               ; 5000               ;
; Number of Inverted Registers Reported in Synthesis Report                       ; 100                ; 100                ;
; Clock MUX Protection                                                            ; On                 ; On                 ;
; Auto Gated Clock Conversion                                                     ; Off                ; Off                ;
; Block Design Naming                                                             ; Auto               ; Auto               ;
; SDC constraint protection                                                       ; Off                ; Off                ;
; Synthesis Effort                                                                ; Auto               ; Auto               ;
; Shift Register Replacement - Allow Asynchronous Clear Signal                    ; On                 ; On                 ;
; Pre-Mapping Resynthesis Optimization                                            ; Off                ; Off                ;
; Analysis & Synthesis Message Level                                              ; Medium             ; Medium             ;
; Disable Register Merging Across Hierarchies                                     ; Auto               ; Auto               ;
; Resource Aware Inference For Block RAM                                          ; On                 ; On                 ;
; Synthesis Seed                                                                  ; 1                  ; 1                  ;
; Automatic Parallel Synthesis                                                    ; On                 ; On                 ;
; Partial Reconfiguration Bitstream ID                                            ; Off                ; Off                ;
+---------------------------------------------------------------------------------+--------------------+--------------------+


Parallel compilation was disabled, but you have multiple processors available. Enable parallel compilation to reduce compilation time.
+-------------------------------------+
; Parallel Compilation                ;
+----------------------------+--------+
; Processors                 ; Number ;
+----------------------------+--------+
; Number detected on machine ; 8      ;
; Maximum allowed            ; 1      ;
+----------------------------+--------+


+------------------------------------------------------------------------------------------------------------------------------+
; Analysis & Synthesis Source Files Read                                                                                       ;
+----------------------------------+-----------------+------------------------+--------------------------------------+---------+
; File Name with User-Entered Path ; Used in Netlist ; File Type              ; File Name with Absolute Path         ; Library ;
+----------------------------------+-----------------+------------------------+--------------------------------------+---------+
; InputBuffer.v                    ; yes             ; User Verilog HDL File  ; D:/MaoqinZhu_project1/InputBuffer.v  ;         ;
; LiftFSM.v                        ; yes             ; User Verilog HDL File  ; D:/MaoqinZhu_project1/LiftFSM.v      ;         ;
; top_stimulus.v                   ; yes             ; User Verilog HDL File  ; D:/MaoqinZhu_project1/top_stimulus.v ;         ;
+----------------------------------+-----------------+------------------------+--------------------------------------+---------+


+---------------------------------------------------------+
; Analysis & Synthesis Resource Usage Summary             ;
+---------------------------------------------+-----------+
; Resource                                    ; Usage     ;
+---------------------------------------------+-----------+
; Estimate of Logic utilization (ALMs needed) ; 42        ;
;                                             ;           ;
; Combinational ALUT usage for logic          ; 63        ;
;     -- 7 input functions                    ; 0         ;
;     -- 6 input functions                    ; 20        ;
;     -- 5 input functions                    ; 9         ;
;     -- 4 input functions                    ; 19        ;
;     -- <=3 input functions                  ; 15        ;
;                                             ;           ;
; Dedicated logic registers                   ; 22        ;
;                                             ;           ;
; I/O pins                                    ; 9         ;
;                                             ;           ;
; Total DSP Blocks                            ; 0         ;
;                                             ;           ;
; Maximum fan-out node                        ; clk~input ;
; Maximum fan-out                             ; 22        ;
; Total fan-out                               ; 351       ;
; Average fan-out                             ; 3.41      ;
+---------------------------------------------+-----------+


+------------------------------------------------------------------------------------------------------------------------------------------------------------------------------------------------------+
; Analysis & Synthesis Resource Utilization by Entity                                                                                                                                                  ;
+----------------------------------+-------------------+--------------+-------------------+------------+------+--------------+-------------------------------------------+--------------+--------------+
; Compilation Hierarchy Node       ; LC Combinationals ; LC Registers ; Block Memory Bits ; DSP Blocks ; Pins ; Virtual Pins ; Full Hierarchy Name                       ; Entity Name  ; Library Name ;
+----------------------------------+-------------------+--------------+-------------------+------------+------+--------------+-------------------------------------------+--------------+--------------+
; |top_stimulus                    ; 63 (0)            ; 22 (0)       ; 0                 ; 0          ; 9    ; 0            ; |top_stimulus                             ; top_stimulus ; work         ;
;    |InputBuffer:uut_InputBuffer| ; 19 (19)           ; 12 (12)      ; 0                 ; 0          ; 0    ; 0            ; |top_stimulus|InputBuffer:uut_InputBuffer ; InputBuffer  ; work         ;
;    |LiftFSM:uut_LiftFSM|         ; 44 (44)           ; 10 (10)      ; 0                 ; 0          ; 0    ; 0            ; |top_stimulus|LiftFSM:uut_LiftFSM         ; LiftFSM      ; work         ;
+----------------------------------+-------------------+--------------+-------------------+------------+------+--------------+-------------------------------------------+--------------+--------------+
Note: For table entries with two numbers listed, the numbers in parentheses indicate the number of resources of the given type used by the specific entity alone. The numbers listed outside of parentheses indicate the total resources of the given type used by the specific entity and all of its sub-entities in the hierarchy.


Encoding Type:  One-Hot
+----------------------------------------------------------------------------------------------+
; State Machine - |top_stimulus|LiftFSM:uut_LiftFSM|ps                                         ;
+--------+--------+--------+--------+--------+--------+--------+-------+-------+-------+-------+
; Name   ; ps.s43 ; ps.s32 ; ps.s21 ; ps.s34 ; ps.s23 ; ps.s12 ; ps.s4 ; ps.s3 ; ps.s2 ; ps.s1 ;
+--------+--------+--------+--------+--------+--------+--------+-------+-------+-------+-------+
; ps.s1  ; 0      ; 0      ; 0      ; 0      ; 0      ; 0      ; 0     ; 0     ; 0     ; 0     ;
; ps.s2  ; 0      ; 0      ; 0      ; 0      ; 0      ; 0      ; 0     ; 0     ; 1     ; 1     ;
; ps.s3  ; 0      ; 0      ; 0      ; 0      ; 0      ; 0      ; 0     ; 1     ; 0     ; 1     ;
; ps.s4  ; 0      ; 0      ; 0      ; 0      ; 0      ; 0      ; 1     ; 0     ; 0     ; 1     ;
; ps.s12 ; 0      ; 0      ; 0      ; 0      ; 0      ; 1      ; 0     ; 0     ; 0     ; 1     ;
; ps.s23 ; 0      ; 0      ; 0      ; 0      ; 1      ; 0      ; 0     ; 0     ; 0     ; 1     ;
; ps.s34 ; 0      ; 0      ; 0      ; 1      ; 0      ; 0      ; 0     ; 0     ; 0     ; 1     ;
; ps.s21 ; 0      ; 0      ; 1      ; 0      ; 0      ; 0      ; 0     ; 0     ; 0     ; 1     ;
; ps.s32 ; 0      ; 1      ; 0      ; 0      ; 0      ; 0      ; 0     ; 0     ; 0     ; 1     ;
; ps.s43 ; 1      ; 0      ; 0      ; 0      ; 0      ; 0      ; 0     ; 0     ; 0     ; 1     ;
+--------+--------+--------+--------+--------+--------+--------+-------+-------+-------+-------+


+-----------------------------------------------------------------------------------------------------------+
; User-Specified and Inferred Latches                                                                       ;
+----------------------------------------------------+-----------------------------+------------------------+
; Latch Name                                         ; Latch Enable Signal         ; Free of Timing Hazards ;
+----------------------------------------------------+-----------------------------+------------------------+
; LiftFSM:uut_LiftFSM|done                           ; LiftFSM:uut_LiftFSM|always0 ; yes                    ;
; Number of user-specified and inferred latches = 1  ;                             ;                        ;
+----------------------------------------------------+-----------------------------+------------------------+
Note: All latches listed above may not be present at the end of synthesis due to various synthesis optimizations.


+------------------------------------------------------------+
; Registers Removed During Synthesis                         ;
+---------------------------------------+--------------------+
; Register name                         ; Reason for Removal ;
+---------------------------------------+--------------------+
; LiftFSM:uut_LiftFSM|ps~2              ; Lost fanout        ;
; LiftFSM:uut_LiftFSM|ps~3              ; Lost fanout        ;
; LiftFSM:uut_LiftFSM|ps~4              ; Lost fanout        ;
; LiftFSM:uut_LiftFSM|ps~5              ; Lost fanout        ;
; Total Number of Removed Registers = 4 ;                    ;
+---------------------------------------+--------------------+


+------------------------------------------------------+
; General Register Statistics                          ;
+----------------------------------------------+-------+
; Statistic                                    ; Value ;
+----------------------------------------------+-------+
; Total registers                              ; 22    ;
; Number of registers using Synchronous Clear  ; 0     ;
; Number of registers using Synchronous Load   ; 0     ;
; Number of registers using Asynchronous Clear ; 0     ;
; Number of registers using Asynchronous Load  ; 0     ;
; Number of registers using Clock Enable       ; 15    ;
; Number of registers using Preset             ; 0     ;
+----------------------------------------------+-------+


+-----------------------------------------------------------------------------------------------------------------------------------------------------------------------+
; Multiplexer Restructuring Statistics (Restructuring Performed)                                                                                                        ;
+--------------------+-----------+---------------+----------------------+------------------------+------------+---------------------------------------------------------+
; Multiplexer Inputs ; Bus Width ; Baseline Area ; Area if Restructured ; Saving if Restructured ; Registered ; Example Multiplexer Output                              ;
+--------------------+-----------+---------------+----------------------+------------------------+------------+---------------------------------------------------------+
; 7:1                ; 5 bits    ; 20 LEs        ; 20 LEs               ; 0 LEs                  ; Yes        ; |top_stimulus|InputBuffer:uut_InputBuffer|button_out[1] ;
+--------------------+-----------+---------------+----------------------+------------------------+------------+---------------------------------------------------------+


+-----------------------------------------------------+
; Post-Synthesis Netlist Statistics for Top Partition ;
+-----------------------+-----------------------------+
; Type                  ; Count                       ;
+-----------------------+-----------------------------+
; arriav_ff             ; 22                          ;
;     ENA               ; 15                          ;
;     plain             ; 7                           ;
; arriav_lcell_comb     ; 63                          ;
;     normal            ; 63                          ;
;         2 data inputs ; 5                           ;
;         3 data inputs ; 10                          ;
;         4 data inputs ; 19                          ;
;         5 data inputs ; 9                           ;
;         6 data inputs ; 20                          ;
; boundary_port         ; 9                           ;
;                       ;                             ;
; Max LUT depth         ; 4.00                        ;
; Average LUT depth     ; 2.72                        ;
+-----------------------+-----------------------------+


+-------------------------------+
; Elapsed Time Per Partition    ;
+----------------+--------------+
; Partition Name ; Elapsed Time ;
+----------------+--------------+
; Top            ; 00:00:00     ;
+----------------+--------------+


+-------------------------------+
; Analysis & Synthesis Messages ;
+-------------------------------+
Info: *******************************************************************
Info: Running Quartus Prime Analysis & Synthesis
    Info: Version 16.0.0 Build 211 04/27/2016 SJ Lite Edition
    Info: Processing started: Sat Oct 24 20:42:19 2020
Info: Command: quartus_map --read_settings_files=on --write_settings_files=off ElevatorOperation -c ElevatorOperation
Warning (20028): Parallel compilation is not licensed and has been disabled
Info (12021): Found 1 design units, including 1 entities, in source file inputbuffer.v
    Info (12023): Found entity 1: InputBuffer File: D:/MaoqinZhu_project1/InputBuffer.v Line: 1
Info (12021): Found 1 design units, including 1 entities, in source file liftfsm.v
    Info (12023): Found entity 1: LiftFSM File: D:/MaoqinZhu_project1/LiftFSM.v Line: 1
Info (12021): Found 1 design units, including 1 entities, in source file stimulus.v
    Info (12023): Found entity 1: Stimulus File: D:/MaoqinZhu_project1/Stimulus.v Line: 3
Info (12021): Found 1 design units, including 1 entities, in source file top_stimulus.v
    Info (12023): Found entity 1: top_stimulus File: D:/MaoqinZhu_project1/top_stimulus.v Line: 1
Info (12127): Elaborating entity "top_stimulus" for the top level hierarchy
Info (12128): Elaborating entity "LiftFSM" for hierarchy "LiftFSM:uut_LiftFSM" File: D:/MaoqinZhu_project1/top_stimulus.v Line: 15
Warning (10235): Verilog HDL Always Construct warning at LiftFSM.v(41): variable "done" is read inside the Always Construct but isn't in the Always Construct's Event Control File: D:/MaoqinZhu_project1/LiftFSM.v Line: 41
Info (10264): Verilog HDL Case Statement information at LiftFSM.v(49): all case item expressions in this case statement are onehot File: D:/MaoqinZhu_project1/LiftFSM.v Line: 49
Info (10264): Verilog HDL Case Statement information at LiftFSM.v(88): all case item expressions in this case statement are onehot File: D:/MaoqinZhu_project1/LiftFSM.v Line: 88
Info (10264): Verilog HDL Case Statement information at LiftFSM.v(127): all case item expressions in this case statement are onehot File: D:/MaoqinZhu_project1/LiftFSM.v Line: 127
Info (10264): Verilog HDL Case Statement information at LiftFSM.v(166): all case item expressions in this case statement are onehot File: D:/MaoqinZhu_project1/LiftFSM.v Line: 166
Warning (10240): Verilog HDL Always Construct warning at LiftFSM.v(39): inferring latch(es) for variable "done", which holds its previous value in one or more paths through the always construct File: D:/MaoqinZhu_project1/LiftFSM.v Line: 39
Info (10041): Inferred latch for "done" at LiftFSM.v(46) File: D:/MaoqinZhu_project1/LiftFSM.v Line: 46
Info (12128): Elaborating entity "InputBuffer" for hierarchy "InputBuffer:uut_InputBuffer" File: D:/MaoqinZhu_project1/top_stimulus.v Line: 29
Info (10264): Verilog HDL Case Statement information at InputBuffer.v(20): all case item expressions in this case statement are onehot File: D:/MaoqinZhu_project1/InputBuffer.v Line: 20
Info (286030): Timing-Driven Synthesis is running
Info (17049): 4 registers lost all their fanouts during netlist optimizations.
Info (144001): Generated suppressed messages file D:/MaoqinZhu_project1/output_files/ElevatorOperation.map.smsg
Info (16010): Generating hard_block partition "hard_block:auto_generated_inst"
    Info (16011): Adding 0 node(s), including 0 DDIO, 0 PLL, 0 transceiver and 0 LCELL
Info (21057): Implemented 77 device resources after synthesis - the final resource count might be different
    Info (21058): Implemented 7 input pins
    Info (21059): Implemented 2 output pins
    Info (21061): Implemented 68 logic cells
Info: Quartus Prime Analysis & Synthesis was successful. 0 errors, 3 warnings
    Info: Peak virtual memory: 854 megabytes
    Info: Processing ended: Sat Oct 24 20:42:36 2020
    Info: Elapsed time: 00:00:17
    Info: Total CPU time (on all processors): 00:00:37


+------------------------------------------+
; Analysis & Synthesis Suppressed Messages ;
+------------------------------------------+
The suppressed messages can be found in D:/MaoqinZhu_project1/output_files/ElevatorOperation.map.smsg.


